random_seed=0
config_hash=c2305b2dc4844e213d55835457b7ac7f45e06ddf50f2945d3ef29fd873d4c73f
data_snapshot_hash=784169112a19893abaa9c7b5ab7a34e0e8b2910f01095080ed0715f2781b1982
git_commit=c044f55ea767dbc307e80aa799318cab91458efc
baseline_run_id=20260513_run008
funding_source=bybit_api
funding_proxy_pct=0.0
phase1_status=READY_TO_IMPLEMENT
funding_rates_exists=False
bybit_api_smoke_status=ok
NOTE: Phase 1 does not execute TASK-002 stress.
NOTE: Missing symbol-days are not filled and no formal proxy funding was generated.
NOTE: Rows with is_proxy=true must be excluded from TASK-002 formal fail gate.
{
  "active_period_end": "2026-04-30",
  "active_period_start": "2024-04-01",
  "baseline_run_id": "20260513_run008",
  "bybit_api_smoke_status": "ok",
  "bybit_api_url": "https://api.bybit.com/v5/market/funding/history",
  "coverage_proxy_pct": 0.0,
  "coverage_real_pct": 0.0,
  "coverage_total_pct": 0.0,
  "funded_symbol_days_active": 0,
  "funding_rates_exists": false,
  "funding_rates_path": "data\\crypto\\funding_rates.parquet",
  "funding_schema_errors": [],
  "funding_source_candidates": [],
  "funding_source_primary": "bybit_api",
  "missing_symbol_days_active": 29586,
  "phase1_status": "READY_TO_IMPLEMENT",
  "proxy_symbol_days_active": 0,
  "top_missing_symbols": [
    {
      "missing_symbol_days": 760,
      "symbol": "BYBIT:ADAUSDT.P"
    },
    {
      "missing_symbol_days": 760,
      "symbol": "BYBIT:BCHUSDT.P"
    },
    {
      "missing_symbol_days": 760,
      "symbol": "BYBIT:BTCUSDT.P"
    },
    {
      "missing_symbol_days": 760,
      "symbol": "BYBIT:ETHUSDT.P"
    },
    {
      "missing_symbol_days": 760,
      "symbol": "BYBIT:LINKUSDT.P"
    },
    {
      "missing_symbol_days": 699,
      "symbol": "BYBIT:XRPUSDT.P"
    },
    {
      "missing_symbol_days": 698,
      "symbol": "BYBIT:LTCUSDT.P"
    },
    {
      "missing_symbol_days": 669,
      "symbol": "BYBIT:AAVEUSDT.P"
    },
    {
      "missing_symbol_days": 669,
      "symbol": "BYBIT:BNBUSDT.P"
    },
    {
      "missing_symbol_days": 669,
      "symbol": "BYBIT:DOGEUSDT.P"
    },
    {
      "missing_symbol_days": 669,
      "symbol": "BYBIT:FILUSDT.P"
    },
    {
      "missing_symbol_days": 668,
      "symbol": "BYBIT:DOTUSDT.P"
    },
    {
      "missing_symbol_days": 607,
      "symbol": "BYBIT:AXSUSDT.P"
    },
    {
      "missing_symbol_days": 607,
      "symbol": "BYBIT:TRXUSDT.P"
    },
    {
      "missing_symbol_days": 607,
      "symbol": "BYBIT:XLMUSDT.P"
    },
    {
      "missing_symbol_days": 578,
      "symbol": "BYBIT:XTZUSDT.P"
    },
    {
      "missing_symbol_days": 546,
      "symbol": "BYBIT:DYDXUSDT.P"
    },
    {
      "missing_symbol_days": 546,
      "symbol": "BYBIT:HBARUSDT.P"
    },
    {
      "missing_symbol_days": 546,
      "symbol": "BYBIT:KSMUSDT.P"
    },
    {
      "missing_symbol_days": 546,
      "symbol": "BYBIT:SOLUSDT.P"
    }
  ],
  "total_pit_symbol_days_active": 29586
}
