random_seed=0
baseline_run_id=20260513_run008
phase_status=READY_FOR_TASK_002_REVIEW
task_002a_overall_status=READY_FOR_TASK_002_REVIEW
request_count=30
cache_hit_count=6927
retry_count=0
api_error_count=0
symbols_failed_count=0
raw_cache_snapshot_hash=ce7a5b53688e7dfd871206a2232d5f7a98a2b3f5b0c97d8c911843a8649eae9c
data_snapshot_hash=28bbcaaf8abbec2b2989e36cf2136482eb138df50c5a16b49597b6b940b22cbe
funding_rates_parquet_hash=7ac35a84fcb09001eecda5116d4cd320b59c01159298d87b6592e0c378880902
git_commit=c044f55ea767dbc307e80aa799318cab91458efc
NOTE: Controlled full fetch only; TASK-002 stress was not executed.
NOTE: TASK-002 remains BLOCKED pending REVIEW-002a_phase2_full.
NOTE: No proxy, average, or fake funding rows were generated.
{
  "active_end_utc": "2026-04-30T23:59:59Z",
  "active_start_utc": "2024-04-01T00:00:00Z",
  "api_error_count": 0,
  "api_errors": [],
  "baseline_run_id": "20260513_run008",
  "cache_hit_count": 6927,
  "continuity_gap_summary": {
    "checked_end_utc": "2026-04-30T23:59:59Z",
    "checked_start_utc": "2024-04-01T00:00:00Z",
    "estimated_missing_events": 107018,
    "gap_count": 68526,
    "symbols_with_gaps": 129,
    "top_gaps": [
      {
        "estimated_missing_events": 99,
        "expected_interval_hours": 4,
        "gap_end_timestamp": "2025-10-18 16:00:00+00:00",
        "gap_hours": 401.0,
        "symbol": "BYBIT:0GUSDT.P"
      },
      {
        "estimated_missing_events": 99,
        "expected_interval_hours": 4,
        "gap_end_timestamp": "2025-11-12 16:00:00+00:00",
        "gap_hours": 401.0,
        "symbol": "BYBIT:0GUSDT.P"
      },
      {
        "estimated_missing_events": 99,
        "expected_interval_hours": 4,
        "gap_end_timestamp": "2025-12-07 16:00:00+00:00",
        "gap_hours": 401.0,
        "symbol": "BYBIT:0GUSDT.P"
      },
      {
        "estimated_missing_events": 99,
        "expected_interval_hours": 4,
        "gap_end_timestamp": "2026-01-01 16:00:00+00:00",
        "gap_hours": 401.0,
        "symbol": "BYBIT:0GUSDT.P"
      },
      {
        "estimated_missing_events": 99,
        "expected_interval_hours": 4,
        "gap_end_timestamp": "2026-01-26 16:00:00+00:00",
        "gap_hours": 401.0,
        "symbol": "BYBIT:0GUSDT.P"
      },
      {
        "estimated_missing_events": 99,
        "expected_interval_hours": 4,
        "gap_end_timestamp": "2026-02-20 16:00:00+00:00",
        "gap_hours": 401.0,
        "symbol": "BYBIT:0GUSDT.P"
      },
      {
        "estimated_missing_events": 1,
        "expected_interval_hours": 4,
        "gap_end_timestamp": "2024-04-01 08:00:00+00:00",
        "gap_hours": 8.0,
        "symbol": "BYBIT:ACEUSDT.P"
      },
      {
        "estimated_missing_events": 1,
        "expected_interval_hours": 4,
        "gap_end_timestamp": "2024-04-01 16:00:00+00:00",
        "gap_hours": 8.0,
        "symbol": "BYBIT:ACEUSDT.P"
      },
      {
        "estimated_missing_events": 1,
        "expected_interval_hours": 4,
        "gap_end_timestamp": "2024-04-02 00:00:00+00:00",
        "gap_hours": 8.0,
        "symbol": "BYBIT:ACEUSDT.P"
      },
      {
        "estimated_missing_events": 1,
        "expected_interval_hours": 4,
        "gap_end_timestamp": "2024-04-02 08:00:00+00:00",
        "gap_hours": 8.0,
        "symbol": "BYBIT:ACEUSDT.P"
      },
      {
        "estimated_missing_events": 1,
        "expected_interval_hours": 4,
        "gap_end_timestamp": "2024-04-02 16:00:00+00:00",
        "gap_hours": 8.0,
        "symbol": "BYBIT:ACEUSDT.P"
      },
      {
        "estimated_missing_events": 1,
        "expected_interval_hours": 4,
        "gap_end_timestamp": "2024-04-03 00:00:00+00:00",
        "gap_hours": 8.0,
        "symbol": "BYBIT:ACEUSDT.P"
      },
      {
        "estimated_missing_events": 1,
        "expected_interval_hours": 4,
        "gap_end_timestamp": "2024-04-03 08:00:00+00:00",
        "gap_hours": 8.0,
        "symbol": "BYBIT:ACEUSDT.P"
      },
      {
        "estimated_missing_events": 1,
        "expected_interval_hours": 4,
        "gap_end_timestamp": "2024-04-03 16:00:00+00:00",
        "gap_hours": 8.0,
        "symbol": "BYBIT:ACEUSDT.P"
      },
      {
        "estimated_missing_events": 1,
        "expected_interval_hours": 4,
        "gap_end_timestamp": "2024-04-04 00:00:00+00:00",
        "gap_hours": 8.0,
        "symbol": "BYBIT:ACEUSDT.P"
      },
      {
        "estimated_missing_events": 1,
        "expected_interval_hours": 4,
        "gap_end_timestamp": "2024-04-04 08:00:00+00:00",
        "gap_hours": 8.0,
        "symbol": "BYBIT:ACEUSDT.P"
      },
      {
        "estimated_missing_events": 1,
        "expected_interval_hours": 4,
        "gap_end_timestamp": "2024-04-04 16:00:00+00:00",
        "gap_hours": 8.0,
        "symbol": "BYBIT:ACEUSDT.P"
      },
      {
        "estimated_missing_events": 1,
        "expected_interval_hours": 4,
        "gap_end_timestamp": "2024-04-05 00:00:00+00:00",
        "gap_hours": 8.0,
        "symbol": "BYBIT:ACEUSDT.P"
      },
      {
        "estimated_missing_events": 1,
        "expected_interval_hours": 4,
        "gap_end_timestamp": "2024-04-05 08:00:00+00:00",
        "gap_hours": 8.0,
        "symbol": "BYBIT:ACEUSDT.P"
      },
      {
        "estimated_missing_events": 1,
        "expected_interval_hours": 4,
        "gap_end_timestamp": "2024-04-05 16:00:00+00:00",
        "gap_hours": 8.0,
        "symbol": "BYBIT:ACEUSDT.P"
      },
      {
        "estimated_missing_events": 1,
        "expected_interval_hours": 4,
        "gap_end_timestamp": "2024-04-06 00:00:00+00:00",
        "gap_hours": 8.0,
        "symbol": "BYBIT:ACEUSDT.P"
      },
      {
        "estimated_missing_events": 1,
        "expected_interval_hours": 4,
        "gap_end_timestamp": "2024-04-06 08:00:00+00:00",
        "gap_hours": 8.0,
        "symbol": "BYBIT:ACEUSDT.P"
      },
      {
        "estimated_missing_events": 1,
        "expected_interval_hours": 4,
        "gap_end_timestamp": "2024-04-06 16:00:00+00:00",
        "gap_hours": 8.0,
        "symbol": "BYBIT:ACEUSDT.P"
      },
      {
        "estimated_missing_events": 1,
        "expected_interval_hours": 4,
        "gap_end_timestamp": "2024-04-07 00:00:00+00:00",
        "gap_hours": 8.0,
        "symbol": "BYBIT:ACEUSDT.P"
      },
      {
        "estimated_missing_events": 1,
        "expected_interval_hours": 4,
        "gap_end_timestamp": "2024-04-07 08:00:00+00:00",
        "gap_hours": 8.0,
        "symbol": "BYBIT:ACEUSDT.P"
      },
      {
        "estimated_missing_events": 1,
        "expected_interval_hours": 4,
        "gap_end_timestamp": "2024-04-07 16:00:00+00:00",
        "gap_hours": 8.0,
        "symbol": "BYBIT:ACEUSDT.P"
      },
      {
        "estimated_missing_events": 1,
        "expected_interval_hours": 4,
        "gap_end_timestamp": "2024-04-08 00:00:00+00:00",
        "gap_hours": 8.0,
        "symbol": "BYBIT:ACEUSDT.P"
      },
      {
        "estimated_missing_events": 1,
        "expected_interval_hours": 4,
        "gap_end_timestamp": "2024-04-08 08:00:00+00:00",
        "gap_hours": 8.0,
        "symbol": "BYBIT:ACEUSDT.P"
      },
      {
        "estimated_missing_events": 1,
        "expected_interval_hours": 4,
        "gap_end_timestamp": "2024-04-08 16:00:00+00:00",
        "gap_hours": 8.0,
        "symbol": "BYBIT:ACEUSDT.P"
      },
      {
        "estimated_missing_events": 1,
        "expected_interval_hours": 4,
        "gap_end_timestamp": "2024-04-09 00:00:00+00:00",
        "gap_hours": 8.0,
        "symbol": "BYBIT:ACEUSDT.P"
      },
      {
        "estimated_missing_events": 1,
        "expected_interval_hours": 4,
        "gap_end_timestamp": "2024-04-09 08:00:00+00:00",
        "gap_hours": 8.0,
        "symbol": "BYBIT:ACEUSDT.P"
      },
      {
        "estimated_missing_events": 1,
        "expected_interval_hours": 4,
        "gap_end_timestamp": "2024-04-09 16:00:00+00:00",
        "gap_hours": 8.0,
        "symbol": "BYBIT:ACEUSDT.P"
      },
      {
        "estimated_missing_events": 1,
        "expected_interval_hours": 4,
        "gap_end_timestamp": "2024-04-10 00:00:00+00:00",
        "gap_hours": 8.0,
        "symbol": "BYBIT:ACEUSDT.P"
      },
      {
        "estimated_missing_events": 1,
        "expected_interval_hours": 4,
        "gap_end_timestamp": "2024-04-10 08:00:00+00:00",
        "gap_hours": 8.0,
        "symbol": "BYBIT:ACEUSDT.P"
      },
      {
        "estimated_missing_events": 1,
        "expected_interval_hours": 4,
        "gap_end_timestamp": "2024-04-10 16:00:00+00:00",
        "gap_hours": 8.0,
        "symbol": "BYBIT:ACEUSDT.P"
      },
      {
        "estimated_missing_events": 1,
        "expected_interval_hours": 4,
        "gap_end_timestamp": "2024-04-11 00:00:00+00:00",
        "gap_hours": 8.0,
        "symbol": "BYBIT:ACEUSDT.P"
      },
      {
        "estimated_missing_events": 1,
        "expected_interval_hours": 4,
        "gap_end_timestamp": "2024-04-11 08:00:00+00:00",
        "gap_hours": 8.0,
        "symbol": "BYBIT:ACEUSDT.P"
      },
      {
        "estimated_missing_events": 1,
        "expected_interval_hours": 4,
        "gap_end_timestamp": "2024-04-11 16:00:00+00:00",
        "gap_hours": 8.0,
        "symbol": "BYBIT:ACEUSDT.P"
      },
      {
        "estimated_missing_events": 1,
        "expected_interval_hours": 4,
        "gap_end_timestamp": "2024-04-12 00:00:00+00:00",
        "gap_hours": 8.0,
        "symbol": "BYBIT:ACEUSDT.P"
      },
      {
        "estimated_missing_events": 1,
        "expected_interval_hours": 4,
        "gap_end_timestamp": "2024-04-12 08:00:00+00:00",
        "gap_hours": 8.0,
        "symbol": "BYBIT:ACEUSDT.P"
      },
      {
        "estimated_missing_events": 1,
        "expected_interval_hours": 4,
        "gap_end_timestamp": "2024-04-12 16:00:00+00:00",
        "gap_hours": 8.0,
        "symbol": "BYBIT:ACEUSDT.P"
      },
      {
        "estimated_missing_events": 1,
        "expected_interval_hours": 4,
        "gap_end_timestamp": "2024-04-13 00:00:00+00:00",
        "gap_hours": 8.0,
        "symbol": "BYBIT:ACEUSDT.P"
      },
      {
        "estimated_missing_events": 1,
        "expected_interval_hours": 4,
        "gap_end_timestamp": "2024-04-13 08:00:00+00:00",
        "gap_hours": 8.0,
        "symbol": "BYBIT:ACEUSDT.P"
      },
      {
        "estimated_missing_events": 1,
        "expected_interval_hours": 4,
        "gap_end_timestamp": "2024-04-13 16:00:00+00:00",
        "gap_hours": 8.0,
        "symbol": "BYBIT:ACEUSDT.P"
      },
      {
        "estimated_missing_events": 1,
        "expected_interval_hours": 4,
        "gap_end_timestamp": "2024-04-14 00:00:00+00:00",
        "gap_hours": 8.0,
        "symbol": "BYBIT:ACEUSDT.P"
      },
      {
        "estimated_missing_events": 1,
        "expected_interval_hours": 4,
        "gap_end_timestamp": "2024-04-14 08:00:00+00:00",
        "gap_hours": 8.0,
        "symbol": "BYBIT:ACEUSDT.P"
      },
      {
        "estimated_missing_events": 1,
        "expected_interval_hours": 4,
        "gap_end_timestamp": "2024-04-14 16:00:00+00:00",
        "gap_hours": 8.0,
        "symbol": "BYBIT:ACEUSDT.P"
      },
      {
        "estimated_missing_events": 1,
        "expected_interval_hours": 4,
        "gap_end_timestamp": "2024-04-15 00:00:00+00:00",
        "gap_hours": 8.0,
        "symbol": "BYBIT:ACEUSDT.P"
      },
      {
        "estimated_missing_events": 1,
        "expected_interval_hours": 4,
        "gap_end_timestamp": "2024-04-15 08:00:00+00:00",
        "gap_hours": 8.0,
        "symbol": "BYBIT:ACEUSDT.P"
      },
      {
        "estimated_missing_events": 1,
        "expected_interval_hours": 4,
        "gap_end_timestamp": "2024-04-15 16:00:00+00:00",
        "gap_hours": 8.0,
        "symbol": "BYBIT:ACEUSDT.P"
      }
    ]
  },
  "coverage": {
    "active_pit": {
      "continuity_gap_events": 60006,
      "continuity_gap_symbol_days": 16595,
      "coverage_missing_pct": 2.438286,
      "coverage_proxy_pct": 0.0,
      "coverage_real_pct": 97.561714,
      "missing_symbol_days": 2738,
      "proxy_symbol_days": 0,
      "real_funded_symbol_days": 109554,
      "symbol_days": 112292
    },
    "active_position": {
      "continuity_gap_events": 3179,
      "continuity_gap_symbol_days": 873,
      "coverage_missing_pct": 1.159332,
      "coverage_proxy_pct": 0.0,
      "coverage_real_pct": 98.840668,
      "missing_symbol_days": 343,
      "proxy_symbol_days": 0,
      "real_funded_symbol_days": 29243,
      "symbol_days": 29586
    }
  },
  "data_snapshot_hash": "28bbcaaf8abbec2b2989e36cf2136482eb138df50c5a16b49597b6b940b22cbe",
  "failed_symbols": [],
  "fetch_end_utc": "2026-05-01T00:00:00Z",
  "fetch_start_utc": "2024-03-31T00:00:00Z",
  "formal_funding_rates_path": "data\\crypto\\funding_rates.parquet",
  "formal_funding_rates_written": true,
  "funding_rates_parquet_hash": "7ac35a84fcb09001eecda5116d4cd320b59c01159298d87b6592e0c378880902",
  "funding_rows_count": 750641,
  "funding_unit_check": {
    "max_abs_funding_rate": 0.05,
    "note": "Funding rates are parsed as decimals from Bybit fundingRate strings.",
    "status": "PASS"
  },
  "git_commit": "c044f55ea767dbc307e80aa799318cab91458efc",
  "idempotency": {
    "current_funding_rates_parquet_hash": "7ac35a84fcb09001eecda5116d4cd320b59c01159298d87b6592e0c378880902",
    "hash_consistent_with_previous": true,
    "previous_funding_rates_parquet_hash": "7ac35a84fcb09001eecda5116d4cd320b59c01159298d87b6592e0c378880902"
  },
  "interval_unclear_symbols": [],
  "live_diff_check": {
    "failures": [],
    "matched_count": 30,
    "max_abs_diff": 0.0,
    "per_year_sample_count": {
      "2024": 5,
      "2025": 5,
      "2026": 5
    },
    "sample_count": 30,
    "status": "PASS",
    "threshold": 1e-09
  },
  "mapping_integration": {
    "failed_symbols": 0,
    "failures": [],
    "passed_symbols": 273,
    "total_symbols": 273
  },
  "missing_symbols": {
    "missing_symbol_count": 40,
    "top_missing_symbols": [
      {
        "coverage_scope": "active_pit",
        "missing_symbol_days": 222,
        "symbol": "BYBIT:KAITOUSDT.P"
      },
      {
        "coverage_scope": "active_pit",
        "missing_symbol_days": 192,
        "symbol": "BYBIT:WALUSDT.P"
      },
      {
        "coverage_scope": "active_pit",
        "missing_symbol_days": 179,
        "symbol": "BYBIT:IPUSDT.P"
      },
      {
        "coverage_scope": "active_pit",
        "missing_symbol_days": 176,
        "symbol": "BYBIT:LPTUSDT.P"
      },
      {
        "coverage_scope": "active_pit",
        "missing_symbol_days": 144,
        "symbol": "BYBIT:XTZUSDT.P"
      },
      {
        "coverage_scope": "active_pit",
        "missing_symbol_days": 136,
        "symbol": "BYBIT:MUSDT.P"
      },
      {
        "coverage_scope": "active_pit",
        "missing_symbol_days": 121,
        "symbol": "BYBIT:AXLUSDT.P"
      },
      {
        "coverage_scope": "active_pit",
        "missing_symbol_days": 121,
        "symbol": "BYBIT:MERLUSDT.P"
      },
      {
        "coverage_scope": "active_pit",
        "missing_symbol_days": 103,
        "symbol": "BYBIT:BARDUSDT.P"
      },
      {
        "coverage_scope": "active_pit",
        "missing_symbol_days": 99,
        "symbol": "BYBIT:MOVEUSDT.P"
      },
      {
        "coverage_scope": "active_pit",
        "missing_symbol_days": 96,
        "symbol": "BYBIT:0GUSDT.P"
      },
      {
        "coverage_scope": "active_pit",
        "missing_symbol_days": 96,
        "symbol": "BYBIT:MYXUSDT.P"
      },
      {
        "coverage_scope": "active_pit",
        "missing_symbol_days": 96,
        "symbol": "BYBIT:SUPERUSDT.P"
      },
      {
        "coverage_scope": "active_pit",
        "missing_symbol_days": 92,
        "symbol": "BYBIT:BERAUSDT.P"
      },
      {
        "coverage_scope": "active_pit",
        "missing_symbol_days": 81,
        "symbol": "BYBIT:FLOWUSDT.P"
      },
      {
        "coverage_scope": "active_pit",
        "missing_symbol_days": 80,
        "symbol": "BYBIT:FFUSDT.P"
      },
      {
        "coverage_scope": "active_pit",
        "missing_symbol_days": 80,
        "symbol": "BYBIT:GASUSDT.P"
      },
      {
        "coverage_scope": "active_pit",
        "missing_symbol_days": 80,
        "symbol": "BYBIT:HUSDT.P"
      },
      {
        "coverage_scope": "active_pit",
        "missing_symbol_days": 65,
        "symbol": "BYBIT:KITEUSDT.P"
      },
      {
        "coverage_scope": "active_pit",
        "missing_symbol_days": 59,
        "symbol": "BYBIT:RVNUSDT.P"
      },
      {
        "coverage_scope": "active_pit",
        "missing_symbol_days": 44,
        "symbol": "BYBIT:SAHARAUSDT.P"
      },
      {
        "coverage_scope": "active_pit",
        "missing_symbol_days": 41,
        "symbol": "BYBIT:AXSUSDT.P"
      },
      {
        "coverage_scope": "active_pit",
        "missing_symbol_days": 35,
        "symbol": "BYBIT:BEATUSDT.P"
      },
      {
        "coverage_scope": "active_pit",
        "missing_symbol_days": 35,
        "symbol": "BYBIT:NIGHTUSDT.P"
      },
      {
        "coverage_scope": "active_pit",
        "missing_symbol_days": 34,
        "symbol": "BYBIT:PIPPINUSDT.P"
      },
      {
        "coverage_scope": "active_pit",
        "missing_symbol_days": 33,
        "symbol": "BYBIT:INJUSDT.P"
      },
      {
        "coverage_scope": "active_pit",
        "missing_symbol_days": 24,
        "symbol": "BYBIT:ZETAUSDT.P"
      },
      {
        "coverage_scope": "active_pit",
        "missing_symbol_days": 20,
        "symbol": "BYBIT:VANAUSDT.P"
      },
      {
        "coverage_scope": "active_pit",
        "missing_symbol_days": 19,
        "symbol": "BYBIT:SOONUSDT.P"
      },
      {
        "coverage_scope": "active_pit",
        "missing_symbol_days": 16,
        "symbol": "BYBIT:COWUSDT.P"
      },
      {
        "coverage_scope": "active_pit",
        "missing_symbol_days": 16,
        "symbol": "BYBIT:CTCUSDT.P"
      },
      {
        "coverage_scope": "active_pit",
        "missing_symbol_days": 16,
        "symbol": "BYBIT:MIRAUSDT.P"
      },
      {
        "coverage_scope": "active_pit",
        "missing_symbol_days": 15,
        "symbol": "BYBIT:JTOUSDT.P"
      },
      {
        "coverage_scope": "active_pit",
        "missing_symbol_days": 15,
        "symbol": "BYBIT:ZKUSDT.P"
      },
      {
        "coverage_scope": "active_pit",
        "missing_symbol_days": 14,
        "symbol": "BYBIT:ZORAUSDT.P"
      },
      {
        "coverage_scope": "active_pit",
        "missing_symbol_days": 11,
        "symbol": "BYBIT:ANIMEUSDT.P"
      },
      {
        "coverage_scope": "active_pit",
        "missing_symbol_days": 11,
        "symbol": "BYBIT:BIOUSDT.P"
      },
      {
        "coverage_scope": "active_pit",
        "missing_symbol_days": 11,
        "symbol": "BYBIT:TUSDT.P"
      },
      {
        "coverage_scope": "active_pit",
        "missing_symbol_days": 9,
        "symbol": "BYBIT:PLUMEUSDT.P"
      },
      {
        "coverage_scope": "active_pit",
        "missing_symbol_days": 1,
        "symbol": "BYBIT:USUALUSDT.P"
      },
      {
        "coverage_scope": "active_position",
        "missing_symbol_days": 93,
        "symbol": "BYBIT:XTZUSDT.P"
      },
      {
        "coverage_scope": "active_position",
        "missing_symbol_days": 81,
        "symbol": "BYBIT:FLOWUSDT.P"
      },
      {
        "coverage_scope": "active_position",
        "missing_symbol_days": 44,
        "symbol": "BYBIT:LPTUSDT.P"
      },
      {
        "coverage_scope": "active_position",
        "missing_symbol_days": 41,
        "symbol": "BYBIT:AXSUSDT.P"
      },
      {
        "coverage_scope": "active_position",
        "missing_symbol_days": 35,
        "symbol": "BYBIT:RVNUSDT.P"
      },
      {
        "coverage_scope": "active_position",
        "missing_symbol_days": 33,
        "symbol": "BYBIT:INJUSDT.P"
      },
      {
        "coverage_scope": "active_position",
        "missing_symbol_days": 16,
        "symbol": "BYBIT:CTCUSDT.P"
      }
    ]
  },
  "notes": [
    "Controlled full fetch only; TASK-002 stress was not executed.",
    "No fake, proxy, average, historical-mean, or random funding rows were generated.",
    "TASK-002 remains BLOCKED pending REVIEW-002a_phase2_full."
  ],
  "outlier_summary": {
    "max_abs_funding_rate": 0.05,
    "outlier_count": 653,
    "threshold_abs": 0.01,
    "top_outliers": [
      {
        "funding_rate": -0.05,
        "interval_hours": 4,
        "source": "bybit_api",
        "symbol": "BYBIT:XCNUSDT.P",
        "timestamp": "2026-04-27 08:00:00+00:00"
      },
      {
        "funding_rate": -0.04,
        "interval_hours": 4,
        "source": "bybit_api",
        "symbol": "BYBIT:XCNUSDT.P",
        "timestamp": "2025-01-24 16:00:00+00:00"
      },
      {
        "funding_rate": -0.04,
        "interval_hours": 4,
        "source": "bybit_api",
        "symbol": "BYBIT:XCNUSDT.P",
        "timestamp": "2025-01-17 16:00:00+00:00"
      },
      {
        "funding_rate": -0.04,
        "interval_hours": 4,
        "source": "bybit_api",
        "symbol": "BYBIT:XCNUSDT.P",
        "timestamp": "2025-01-18 00:00:00+00:00"
      },
      {
        "funding_rate": -0.04,
        "interval_hours": 8,
        "source": "bybit_api",
        "symbol": "BYBIT:ZBCNUSDT.P",
        "timestamp": "2025-10-11 00:00:00+00:00"
      },
      {
        "funding_rate": -0.03897872,
        "interval_hours": 8,
        "source": "bybit_api",
        "symbol": "BYBIT:DUSKUSDT.P",
        "timestamp": "2026-01-19 08:00:00+00:00"
      },
      {
        "funding_rate": -0.03,
        "interval_hours": 8,
        "source": "bybit_api",
        "symbol": "BYBIT:ZBCNUSDT.P",
        "timestamp": "2025-02-19 00:00:00+00:00"
      },
      {
        "funding_rate": -0.03,
        "interval_hours": 4,
        "source": "bybit_api",
        "symbol": "BYBIT:DEXEUSDT.P",
        "timestamp": "2024-12-23 16:00:00+00:00"
      },
      {
        "funding_rate": -0.03,
        "interval_hours": 4,
        "source": "bybit_api",
        "symbol": "BYBIT:SCRTUSDT.P",
        "timestamp": "2024-11-18 00:00:00+00:00"
      },
      {
        "funding_rate": -0.03,
        "interval_hours": 4,
        "source": "bybit_api",
        "symbol": "BYBIT:SCRTUSDT.P",
        "timestamp": "2024-11-17 16:00:00+00:00"
      },
      {
        "funding_rate": -0.02967942,
        "interval_hours": 8,
        "source": "bybit_api",
        "symbol": "BYBIT:ZBCNUSDT.P",
        "timestamp": "2025-02-18 16:00:00+00:00"
      },
      {
        "funding_rate": -0.02828034,
        "interval_hours": 4,
        "source": "bybit_api",
        "symbol": "BYBIT:XCNUSDT.P",
        "timestamp": "2025-01-17 00:00:00+00:00"
      },
      {
        "funding_rate": -0.02803894,
        "interval_hours": 4,
        "source": "bybit_api",
        "symbol": "BYBIT:XCNUSDT.P",
        "timestamp": "2025-01-18 08:00:00+00:00"
      },
      {
        "funding_rate": -0.02756418,
        "interval_hours": 8,
        "source": "bybit_api",
        "symbol": "BYBIT:OGNUSDT.P",
        "timestamp": "2026-03-12 00:00:00+00:00"
      },
      {
        "funding_rate": -0.02687311,
        "interval_hours": 8,
        "source": "bybit_api",
        "symbol": "BYBIT:ZBCNUSDT.P",
        "timestamp": "2025-02-18 08:00:00+00:00"
      },
      {
        "funding_rate": -0.02517068,
        "interval_hours": 4,
        "source": "bybit_api",
        "symbol": "BYBIT:POLYXUSDT.P",
        "timestamp": "2025-12-31 04:00:00+00:00"
      },
      {
        "funding_rate": -0.025,
        "interval_hours": 8,
        "source": "bybit_api",
        "symbol": "BYBIT:ENJUSDT.P",
        "timestamp": "2026-04-09 00:00:00+00:00"
      },
      {
        "funding_rate": -0.025,
        "interval_hours": 8,
        "source": "bybit_api",
        "symbol": "BYBIT:ENJUSDT.P",
        "timestamp": "2026-04-13 15:00:00+00:00"
      },
      {
        "funding_rate": -0.025,
        "interval_hours": 8,
        "source": "bybit_api",
        "symbol": "BYBIT:ENJUSDT.P",
        "timestamp": "2026-04-14 17:00:00+00:00"
      },
      {
        "funding_rate": -0.025,
        "interval_hours": 4,
        "source": "bybit_api",
        "symbol": "BYBIT:ORBSUSDT.P",
        "timestamp": "2026-02-28 12:00:00+00:00"
      },
      {
        "funding_rate": -0.025,
        "interval_hours": 4,
        "source": "bybit_api",
        "symbol": "BYBIT:PIPPINUSDT.P",
        "timestamp": "2026-04-03 16:00:00+00:00"
      },
      {
        "funding_rate": -0.025,
        "interval_hours": 8,
        "source": "bybit_api",
        "symbol": "BYBIT:REQUSDT.P",
        "timestamp": "2026-04-19 00:00:00+00:00"
      },
      {
        "funding_rate": -0.025,
        "interval_hours": 4,
        "source": "bybit_api",
        "symbol": "BYBIT:PIPPINUSDT.P",
        "timestamp": "2026-03-16 20:00:00+00:00"
      },
      {
        "funding_rate": -0.025,
        "interval_hours": 8,
        "source": "bybit_api",
        "symbol": "BYBIT:ENJUSDT.P",
        "timestamp": "2026-04-09 03:00:00+00:00"
      },
      {
        "funding_rate": -0.025,
        "interval_hours": 4,
        "source": "bybit_api",
        "symbol": "BYBIT:DRIFTUSDT.P",
        "timestamp": "2026-04-03 02:00:00+00:00"
      },
      {
        "funding_rate": -0.02447383,
        "interval_hours": 4,
        "source": "bybit_api",
        "symbol": "BYBIT:XCNUSDT.P",
        "timestamp": "2025-01-17 08:00:00+00:00"
      },
      {
        "funding_rate": -0.0238576,
        "interval_hours": 8,
        "source": "bybit_api",
        "symbol": "BYBIT:ENJUSDT.P",
        "timestamp": "2026-04-08 16:00:00+00:00"
      },
      {
        "funding_rate": -0.02355947,
        "interval_hours": 4,
        "source": "bybit_api",
        "symbol": "BYBIT:XCNUSDT.P",
        "timestamp": "2025-01-18 16:00:00+00:00"
      },
      {
        "funding_rate": -0.02308966,
        "interval_hours": 4,
        "source": "bybit_api",
        "symbol": "BYBIT:POLYXUSDT.P",
        "timestamp": "2026-04-04 04:00:00+00:00"
      },
      {
        "funding_rate": -0.0225,
        "interval_hours": 8,
        "source": "bybit_api",
        "symbol": "BYBIT:IOSTUSDT.P",
        "timestamp": "2025-03-10 16:00:00+00:00"
      },
      {
        "funding_rate": -0.0225,
        "interval_hours": 8,
        "source": "bybit_api",
        "symbol": "BYBIT:IOSTUSDT.P",
        "timestamp": "2025-03-11 00:00:00+00:00"
      },
      {
        "funding_rate": -0.02225849,
        "interval_hours": 4,
        "source": "bybit_api",
        "symbol": "BYBIT:POLYXUSDT.P",
        "timestamp": "2025-12-30 08:00:00+00:00"
      },
      {
        "funding_rate": -0.02214048,
        "interval_hours": 4,
        "source": "bybit_api",
        "symbol": "BYBIT:XCNUSDT.P",
        "timestamp": "2025-01-24 00:00:00+00:00"
      },
      {
        "funding_rate": -0.02204589,
        "interval_hours": 4,
        "source": "bybit_api",
        "symbol": "BYBIT:PIPPINUSDT.P",
        "timestamp": "2026-04-03 12:00:00+00:00"
      },
      {
        "funding_rate": -0.02192996,
        "interval_hours": 4,
        "source": "bybit_api",
        "symbol": "BYBIT:POLYXUSDT.P",
        "timestamp": "2026-03-17 12:00:00+00:00"
      },
      {
        "funding_rate": -0.02191915,
        "interval_hours": 4,
        "source": "bybit_api",
        "symbol": "BYBIT:XCNUSDT.P",
        "timestamp": "2024-04-26 00:00:00+00:00"
      },
      {
        "funding_rate": -0.02178767,
        "interval_hours": 8,
        "source": "bybit_api",
        "symbol": "BYBIT:ALICEUSDT.P",
        "timestamp": "2026-02-28 00:00:00+00:00"
      },
      {
        "funding_rate": -0.02145966,
        "interval_hours": 4,
        "source": "bybit_api",
        "symbol": "BYBIT:CVXUSDT.P",
        "timestamp": "2026-01-03 20:00:00+00:00"
      },
      {
        "funding_rate": -0.02120609,
        "interval_hours": 4,
        "source": "bybit_api",
        "symbol": "BYBIT:POLYXUSDT.P",
        "timestamp": "2025-12-22 12:00:00+00:00"
      },
      {
        "funding_rate": -0.0210876,
        "interval_hours": 4,
        "source": "bybit_api",
        "symbol": "BYBIT:ORBSUSDT.P",
        "timestamp": "2026-02-19 12:00:00+00:00"
      },
      {
        "funding_rate": -0.02097275,
        "interval_hours": 8,
        "source": "bybit_api",
        "symbol": "BYBIT:KAVAUSDT.P",
        "timestamp": "2025-11-09 08:00:00+00:00"
      },
      {
        "funding_rate": -0.02085435,
        "interval_hours": 8,
        "source": "bybit_api",
        "symbol": "BYBIT:ZBCNUSDT.P",
        "timestamp": "2025-02-19 08:00:00+00:00"
      },
      {
        "funding_rate": -0.0203374,
        "interval_hours": 8,
        "source": "bybit_api",
        "symbol": "BYBIT:WAVESUSDT.P",
        "timestamp": "2025-11-25 08:00:00+00:00"
      },
      {
        "funding_rate": -0.02025,
        "interval_hours": 4,
        "source": "bybit_api",
        "symbol": "BYBIT:AWEUSDT.P",
        "timestamp": "2026-02-23 04:00:00+00:00"
      },
      {
        "funding_rate": -0.02016023,
        "interval_hours": 4,
        "source": "bybit_api",
        "symbol": "BYBIT:ONTUSDT.P",
        "timestamp": "2025-12-29 08:00:00+00:00"
      },
      {
        "funding_rate": -0.02,
        "interval_hours": 4,
        "source": "bybit_api",
        "symbol": "BYBIT:PIXELUSDT.P",
        "timestamp": "2026-03-11 10:00:00+00:00"
      },
      {
        "funding_rate": -0.02,
        "interval_hours": 4,
        "source": "bybit_api",
        "symbol": "BYBIT:SNTUSDT.P",
        "timestamp": "2025-04-10 08:00:00+00:00"
      },
      {
        "funding_rate": -0.02,
        "interval_hours": 4,
        "source": "bybit_api",
        "symbol": "BYBIT:SAFEUSDT.P",
        "timestamp": "2025-03-27 16:00:00+00:00"
      },
      {
        "funding_rate": -0.02,
        "interval_hours": 4,
        "source": "bybit_api",
        "symbol": "BYBIT:SAHARAUSDT.P",
        "timestamp": "2026-03-18 14:00:00+00:00"
      },
      {
        "funding_rate": -0.02,
        "interval_hours": 4,
        "source": "bybit_api",
        "symbol": "BYBIT:SAHARAUSDT.P",
        "timestamp": "2026-02-27 12:00:00+00:00"
      }
    ]
  },
  "phase_status": "READY_FOR_TASK_002_REVIEW",
  "raw_cache_snapshot_hash": "ce7a5b53688e7dfd871206a2232d5f7a98a2b3f5b0c97d8c911843a8649eae9c",
  "request_count": 30,
  "retry_count": 0,
  "schema_errors": [],
  "symbols_failed_count": 0,
  "symbols_requested_count": 273,
  "symbols_with_funding_rows_count": 273,
  "task_002a_overall_status": "READY_FOR_TASK_002_REVIEW"
}
