random_seed=42
config_hash=3cd7ead1b912b032cf46c79fcaa0b0a49844613f733e01580a06213a2897cac5
data_snapshot_hash=55191c754fca722c04025716952c05548048e140851b3c738c6c409d70ac2a38
git_commit=3c380bfd4e39fbcc93acff5967b887a5991afe67

TASK-001 Prev3Y Crypto Universe Baseline
run_utc=2026-05-13T12:53:23Z
config=configs\prev3y_crypto.yaml
NOTE: input gate passed before backtest; required parquet/config files existed and schema validation passed.
NOTE: baseline runner refuses missing/schema-invalid inputs and does not create random, simulated, or synthetic data.
NOTE: data source = validated pre-existing data/crypto parquet files; see docs/research/DATA_REQUIREMENTS_PREV3Y.md for acquisition requirements.
NOTE: quote_volume is derived as close * volume because the local prices table has no stored turnover column.
NOTE: universe_membership.parquet stores true membership rows only; missing date/symbol rows are false.
NOTE: benchmark_return uses the same-day PIT universe equal-weight long-only benchmark because config has no explicit benchmark.
NOTE: portfolio_return is dated by price realization date; new rebalance weights enter on t+1 and earn returns from the next price interval.
NOTE: when eligible names are fewer than top_n + bottom_n, the signal layer shrinks to balanced non-overlapping long/short pairs.
NOTE: same-day output files for 20260513 already exist; using non-overwriting run stem 20260513_run002.

Config:
- bottom_n: 25
- end_date: 2026-04-30
- entry_price: t1_open
- lookback_days: 1095
- random_seed: 42
- ranking_method: return
- rebalance_freq: monthly
- start_date: 2019-01-01
- top_n: 25
- warmup_start_date: 2018-01-01

Run Metadata:
- start_date=2019-01-01
- end_date=2026-04-30
- warmup_start_date=2018-01-01
- effective_entry_price=t1_open
- rebalance_freq=monthly
- lookback_days=1095
- top_n=25
- bottom_n=25
- average_universe_size=76.791184
- average_number_of_tradable_symbols=15.218391
- benchmark_definition=same-day PIT universe equal-weight long-only benchmark; daily missing symbol returns are dropped

Data Snapshot:
- prices_daily.parquet rows=341786 symbols=324 date_range=2020-10-21..2026-04-30 created=False
- universe_membership.parquet rows=205570 symbols=273 date_range=2020-10-21..2026-04-30 created=False
- average_universe_size_start_end=76.791184
- warmup_start_date=2018-01-01
- backtest_start_date=2019-01-01
- backtest_end_date=2026-04-30
- effective_trading_days=760
- total_calendar_rows=2677
- validation_warnings=2

No-Trading/Missing-Day Handling:
- Baseline uses a complete daily UTC calendar from start_date to end_date.
- Dates without eligible signals or active positions are retained with zero portfolio return and zero exposure.
- Individual symbol missing returns are treated as zero for that symbol and logged as anomalies.

Schemas:
- prices_daily.parquet
  - date: datetime64[ns]; unit=UTC calendar date
  - symbol: string; unit=crypto symbol from local DB
  - open: float64; unit=USDT
  - high: float64; unit=USDT
  - low: float64; unit=USDT
  - close: float64; unit=USDT
  - volume: float64; unit=base asset contracts/coins
  - quote_volume: float64; unit=USDT proxy, close * volume
- universe_membership.parquet
  - date: datetime64[ns]; unit=UTC calendar date
  - symbol: string; unit=Bybit perpetual symbol
  - is_member: bool; unit=true rows only; absent rows are false
- 20260513_run002_baseline.csv
  - date: datetime64[ns]; unit=UTC calendar date
  - portfolio_return: float64; unit=decimal daily return
  - benchmark_return: float64; unit=decimal daily return
  - gross_exposure: float64; unit=sum(abs(weights))
  - net_exposure: float64; unit=sum(weights)
  - turnover: float64; unit=sum(abs(delta weight)) on effective date
  - n_longs: int64; unit=active long positions
  - n_shorts: int64; unit=active short positions
- 20260513_run002_positions.parquet
  - date: datetime64[ns]; unit=UTC calendar date
  - decision_date: datetime64[ns]; unit=date when weights were decided
  - effective_date: datetime64[ns]; unit=date when weights became active
  - symbol: string; unit=Bybit perpetual symbol
  - weight: float64; unit=portfolio weight
  - signal_rank: int64; unit=1 is strongest momentum
  - signal_value: float64; unit=ranking score used for this symbol
  - is_member: bool; unit=PIT universe membership on the position date
- 20260513_run002_stats.json
  - ir: float64; unit=annualized active return / active volatility
  - sharpe: float64; unit=annualized mean portfolio return / volatility
  - sortino: float64; unit=annualized mean portfolio return / downside volatility
  - max_dd: float64; unit=decimal drawdown
  - calmar: float64; unit=CAGR / abs(max drawdown)
  - turnover_annual: float64; unit=sum daily turnover / elapsed years
  - hit_rate: float64; unit=share of active days with positive portfolio return
  - exposure_stats: object; unit=gross/net/position count summary
  - start_date: string; unit=configured backtest start date
  - end_date: string; unit=configured backtest end date
  - warmup_start_date: string; unit=configured warm-up start date
  - effective_entry_price: string; unit=configured effective entry price convention
  - rebalance_freq: string; unit=configured rebalance frequency
  - lookback_days: int64; unit=configured lookback days
  - top_n: int64; unit=configured long leg count
  - bottom_n: int64; unit=configured short leg count
  - average_universe_size: float64; unit=mean daily PIT universe size
  - average_number_of_tradable_symbols: float64; unit=mean eligible ranked symbols on rebalance dates

Outputs:
- baseline_csv=outputs\backtests\prev3y_crypto\20260513_run002_baseline.csv
- positions_parquet=outputs\backtests\prev3y_crypto\20260513_run002_positions.parquet
- stats_json=outputs\backtests\prev3y_crypto\20260513_run002_stats.json

Reproducibility:
- stats_hashes=6dc6f39c5f5ed4c7d6ca2908c9cd0fa2fcb0c63cec8a6236003187495e59db60,6dc6f39c5f5ed4c7d6ca2908c9cd0fa2fcb0c63cec8a6236003187495e59db60
- repeat_stats_hash_identical=true

Validation Warnings:
- prices start at 2020-10-21, after warmup_start_date 2018-01-01; early baseline rows may be zero exposure until lookback history exists
- universe starts at 2020-10-21, after start_date 2019-01-01; early baseline rows may be zero exposure

Data Anomalies:
- symbol=COMP-USD date_range=2021-04-19..2021-08-15 issue=nonpositive_open_rows=5
- symbol=ICP-USD date_range=2021-05-10..2021-05-10 issue=nonpositive_open_rows=1
- symbol=COMP-USD date_range=2021-04-19..2021-08-15 issue=nonpositive_low_rows=11
- symbol=ICP-USD date_range=2021-05-10..2021-05-10 issue=nonpositive_low_rows=1
- symbol=COMP-USD date_range=2021-04-17..2022-01-15 issue=nonpositive_close_rows=205
- symbol=COMP-USD date_range=2021-04-17..2022-01-15 issue=missing_ohlcv_rows=205
