random_seed=42
config_hash=e4118508c1d925522872a8b0c268430461b0000f18ec53a339f1fbcc19885575
data_snapshot_hash=55191c754fca722c04025716952c05548048e140851b3c738c6c409d70ac2a38
git_commit=3c380bfd4e39fbcc93acff5967b887a5991afe67

TASK-001 Prev3Y Crypto Universe Baseline
run_utc=2026-05-13T17:31:09Z
config=configs\prev3y_crypto.yaml
NOTE: input gate passed before backtest; required parquet/config files existed and schema validation passed.
NOTE: baseline runner refuses missing/schema-invalid inputs and does not create random, simulated, or synthetic data.
NOTE: data source = validated pre-existing data/crypto parquet files; see docs/research/DATA_REQUIREMENTS_PREV3Y.md for acquisition requirements.
NOTE: quote_volume is derived as close * volume because the local prices table has no stored turnover column.
NOTE: universe_membership.parquet stores true membership rows only; missing date/symbol rows are false.
NOTE: benchmark_return = benchmark_cash_return because TASK-001b sets primary benchmark to cash.
NOTE: benchmark_eqw_return = the old run003 equal_weight_long_only benchmark.
NOTE: benchmark_btc_return = BYBIT:BTCUSDT.P benchmark; missing BTC dates remain NaN and are never filled with zero.
NOTE: portfolio_return is dated by price realization date; new rebalance weights enter on t+1 and earn returns from the next price interval.
NOTE: when eligible names are fewer than top_n + bottom_n, the signal layer shrinks to balanced non-overlapping long/short pairs.
NOTE: TASK-001d adds a data-quality exclusion layer; strategy signal formula, ranking method, benchmark definitions, costs, funding, slippage, and raw data are unchanged.
NOTE: abnormal symbol-days are excluded from ranking candidates, holding candidates, and return calculation.
NOTE: missing returns are never filled with zero, and prices are never forward-filled to create returns.
NOTE: active period is defined exactly as gross_exposure > 0.
NOTE: legacy stats fields ir/sharpe/sortino/max_dd/calmar/turnover_annual/hit_rate are full-period aliases; primary interpretation should use *_active.
NOTE: same-day output files for 20260513 already exist; using non-overwriting run stem 20260513_run005.

Reporting Sample:
- effective_sample_start=2024-04-01
- effective_sample_end=2026-04-30
- effective_active_days=760
- effective_active_fraction=0.283900
- reporting_active_definition=gross_exposure > 0
- benchmark_primary=cash
- benchmark_return_equals=benchmark_cash_return

Config:
- benchmark: {'primary': 'cash', 'btc_symbol': 'BYBIT:BTCUSDT.P', 'alternatives': ['btc_perp', 'equal_weight_long_only']}
- bottom_n: 25
- end_date: 2026-04-30
- entry_price: t1_open
- lookback_days: 1095
- random_seed: 42
- ranking_method: return
- rebalance_freq: monthly
- start_date: 2019-01-01
- top_n: 25
- warmup_start_date: 2018-01-01

Run Metadata:
- start_date=2019-01-01
- end_date=2026-04-30
- warmup_start_date=2018-01-01
- effective_entry_price=t1_open
- rebalance_freq=monthly
- lookback_days=1095
- top_n=25
- bottom_n=25
- average_universe_size=76.748226
- average_number_of_tradable_symbols=15.218391
- benchmark_definition=primary cash benchmark with BTC and PIT equal-weight alternatives
- benchmark_return_equals=benchmark_cash_return

Benchmark Coverage:
- benchmark_cash_return=0.0 for every baseline date
- benchmark_btc_symbol=BYBIT:BTCUSDT.P
- benchmark_btc_start_date=2021-03-03
- benchmark_btc_end_date=2026-04-30
- benchmark_btc_missing_days_full=793
- benchmark_btc_missing_days_active=0
- eqw_benchmark_avg_symbols=76.748226
- eqw_benchmark_min_symbols=0
- eqw_benchmark_missing_days=660

Data Snapshot:
- prices_daily.parquet rows=341786 symbols=324 date_range=2020-10-21..2026-04-30 created=False
- universe_membership.parquet rows=205570 symbols=273 date_range=2020-10-21..2026-04-30 created=False
- average_universe_size_start_end=76.748226
- warmup_start_date=2018-01-01
- backtest_start_date=2019-01-01
- backtest_end_date=2026-04-30
- effective_trading_days=760
- total_calendar_rows=2677
- validation_warnings=2

No-Trading/Missing-Day Handling:
- Baseline uses a complete daily UTC calendar from start_date to end_date.
- Dates without eligible signals or active positions are retained with zero portfolio return and zero exposure.
- Individual symbol missing returns are not filled; affected symbol-days are excluded before return calculation.
- A held symbol that becomes abnormal is removed before the day's return calculation; this removal is counted in turnover.
- Volume <= 0 is warning-only; missing volume or quote_volume is a hard abnormal symbol-day.

Data Quality Policy:
- data_quality_event_rows=7068
- dq_abnormal_symbol_days=332
- dq_excluded_from_ranking_candidates=5372
- dq_excluded_from_holding_days=115
- dq_forced_holding_exits=0
- dq_affected_symbols=275
- issue_counts={"missing_ohlcv": 615, "missing_return": 115, "nonpositive_price": 223, "nonpositive_volume_warning": 743, "ranking_candidate_abnormal": 5372}
- top_affected_symbols=[{"count": 836, "symbol": "COMP-USD"}, {"count": 37, "symbol": "BYBIT:XTZUSDT.P"}, {"count": 37, "symbol": "BYBIT:BTCUSDT.P"}, {"count": 37, "symbol": "BYBIT:LINKUSDT.P"}, {"count": 37, "symbol": "BYBIT:LTCUSDT.P"}, {"count": 37, "symbol": "BYBIT:BCHUSDT.P"}, {"count": 37, "symbol": "BYBIT:ETHUSDT.P"}, {"count": 37, "symbol": "BYBIT:ADAUSDT.P"}, {"count": 37, "symbol": "BYBIT:DOTUSDT.P"}, {"count": 37, "symbol": "BYBIT:AAVEUSDT.P"}]
- data_quality_summary_csv=outputs\data_quality\prev3y_crypto\20260513_run005_data_quality_summary.csv
- data_quality_aggregate_json=outputs\data_quality\prev3y_crypto\20260513_run005_data_quality_aggregate.json

Schemas:
- prices_daily.parquet
  - date: datetime64[ns]; unit=UTC calendar date
  - symbol: string; unit=crypto symbol from local DB
  - open: float64; unit=USDT
  - high: float64; unit=USDT
  - low: float64; unit=USDT
  - close: float64; unit=USDT
  - volume: float64; unit=base asset contracts/coins
  - quote_volume: float64; unit=USDT proxy, close * volume
- universe_membership.parquet
  - date: datetime64[ns]; unit=UTC calendar date
  - symbol: string; unit=Bybit perpetual symbol
  - is_member: bool; unit=true rows only; absent rows are false
- 20260513_run005_baseline.csv
  - date: datetime64[ns]; unit=UTC calendar date
  - portfolio_return: float64; unit=decimal daily return
  - benchmark_return: float64; unit=decimal daily return
  - benchmark_cash_return: float64; unit=decimal daily return; always 0
  - benchmark_btc_return: float64; unit=decimal daily BTC perp return; NaN when unavailable
  - benchmark_eqw_return: float64; unit=decimal daily PIT universe equal-weight return
  - gross_exposure: float64; unit=sum(abs(weights))
  - net_exposure: float64; unit=sum(weights)
  - turnover: float64; unit=sum(abs(delta weight)) on effective date
  - n_longs: int64; unit=active long positions
  - n_shorts: int64; unit=active short positions
- 20260513_run005_positions.parquet
  - date: datetime64[ns]; unit=UTC calendar date
  - decision_date: datetime64[ns]; unit=date when weights were decided
  - effective_date: datetime64[ns]; unit=date when weights became active
  - symbol: string; unit=Bybit perpetual symbol
  - weight: float64; unit=portfolio weight
  - signal_rank: int64; unit=1 is strongest momentum
  - signal_value: float64; unit=ranking score used for this symbol
  - is_member: bool; unit=PIT universe membership on the position date
- 20260513_run005_stats.json
  - ir: float64; unit=legacy full-period alias for ir_full
  - sharpe: float64; unit=legacy full-period alias for sharpe_full
  - sortino: float64; unit=legacy full-period alias for sortino_full
  - max_dd: float64; unit=legacy full-period alias for max_dd_full
  - calmar: float64; unit=legacy full-period alias for calmar_full
  - turnover_annual: float64; unit=legacy full-period alias for turnover_annual_full
  - hit_rate: float64; unit=legacy full-period alias for hit_rate_full
  - ir_full: float64; unit=full-period annualized active return / active volatility
  - ir_active: float64; unit=active-period annualized active return / active volatility
  - sharpe_full: float64; unit=full-period annualized mean portfolio return / volatility
  - sharpe_active: float64; unit=active-period annualized mean portfolio return / volatility
  - sortino_full: float64; unit=full-period annualized mean portfolio return / downside volatility
  - sortino_active: float64; unit=active-period annualized mean portfolio return / downside volatility
  - max_dd_full: float64; unit=full-period decimal drawdown
  - max_dd_active: float64; unit=active-period decimal drawdown
  - calmar_full: float64; unit=full-period CAGR / abs(max drawdown)
  - calmar_active: float64; unit=active-period CAGR / abs(max drawdown)
  - turnover_annual_full: float64; unit=full-period sum daily turnover / elapsed years
  - turnover_annual_active: float64; unit=active-period sum daily turnover / elapsed years
  - hit_rate_full: float64; unit=full-period share of days with positive portfolio return
  - hit_rate_active: float64; unit=active-period share of days with positive portfolio return
  - mean_daily_return_full: float64; unit=full-period arithmetic mean daily return
  - mean_daily_return_active: float64; unit=active-period arithmetic mean daily return
  - volatility_full: float64; unit=full-period annualized daily return volatility
  - volatility_active: float64; unit=active-period annualized daily return volatility
  - full_start_date: string; unit=full-period first date
  - full_end_date: string; unit=full-period last date
  - full_days: int64; unit=full-period row count
  - active_start_date: string; unit=active-period first date where gross_exposure > 0
  - active_end_date: string; unit=active-period last date where gross_exposure > 0
  - active_days: int64; unit=active-period row count where gross_exposure > 0
  - active_fraction: float64; unit=active_days / full_days
  - gross_exposure_mean_full: float64; unit=full-period mean gross exposure
  - gross_exposure_mean_active: float64; unit=active-period mean gross exposure
  - net_exposure_mean_full: float64; unit=full-period mean net exposure
  - net_exposure_mean_active: float64; unit=active-period mean net exposure
  - ir_vs_cash_full: float64; unit=full-period IR versus cash benchmark
  - ir_vs_cash_active: float64; unit=active-period IR versus cash benchmark
  - ir_vs_btc_full: float64; unit=full-period IR versus BTC benchmark; BTC NaN dates dropped
  - ir_vs_btc_active: float64; unit=active-period IR versus BTC benchmark
  - ir_vs_equal_weight_full: float64; unit=full-period IR versus PIT equal-weight benchmark
  - ir_vs_equal_weight_active: float64; unit=active-period IR versus PIT equal-weight benchmark
  - methodology: object; unit=formula conventions for reproducibility
  - data_quality_policy: object; unit=TASK-001d missing-data exclusion policy
  - dq_abnormal_symbol_days: int64; unit=unique hard abnormal symbol-days
  - dq_excluded_from_ranking_candidates: int64; unit=decision-date symbol candidates excluded from ranking
  - dq_excluded_from_holding_days: int64; unit=symbol-days excluded from holding/return calculation
  - dq_forced_holding_exits: int64; unit=held symbols removed by data-quality policy
  - dq_affected_symbols: int64; unit=symbols with non-warning data-quality events
  - benchmark_primary: string; unit=primary benchmark used by benchmark_return
  - benchmark_btc_symbol: string; unit=BTC benchmark symbol
  - benchmark_return_equals: string; unit=benchmark_return alias target
  - benchmark_btc_missing_days_full: int64; unit=full-period dates with unavailable BTC benchmark return
  - benchmark_btc_missing_days_active: int64; unit=active-period dates with unavailable BTC benchmark return
  - eqw_benchmark_avg_symbols: float64; unit=mean available symbols in PIT equal-weight benchmark
  - eqw_benchmark_min_symbols: int64; unit=minimum available symbols in PIT equal-weight benchmark
  - eqw_benchmark_missing_days: int64; unit=dates with zero available PIT equal-weight benchmark symbols
  - exposure_stats: object; unit=gross/net/position count summary
  - start_date: string; unit=configured backtest start date
  - end_date: string; unit=configured backtest end date
  - warmup_start_date: string; unit=configured warm-up start date
  - effective_entry_price: string; unit=configured effective entry price convention
  - rebalance_freq: string; unit=configured rebalance frequency
  - lookback_days: int64; unit=configured lookback days
  - top_n: int64; unit=configured long leg count
  - bottom_n: int64; unit=configured short leg count
  - average_universe_size: float64; unit=mean daily PIT universe size
  - average_number_of_tradable_symbols: float64; unit=mean eligible ranked symbols on rebalance dates
- 20260513_run005_data_quality_summary.csv
  - date: datetime64[ns]; unit=UTC calendar date
  - symbol: string; unit=Bybit perpetual symbol
  - issue_type: string; unit=data-quality issue category
  - affected_field: string; unit=field or derived value affected
  - action: string; unit=policy action taken
  - source_stage: string; unit=price_bar/ranking/holding
  - reason: string; unit=human-readable exclusion reason

Outputs:
- baseline_csv=outputs\backtests\prev3y_crypto\20260513_run005_baseline.csv
- positions_parquet=outputs\backtests\prev3y_crypto\20260513_run005_positions.parquet
- stats_json=outputs\backtests\prev3y_crypto\20260513_run005_stats.json
- data_quality_summary_csv=outputs\data_quality\prev3y_crypto\20260513_run005_data_quality_summary.csv
- data_quality_aggregate_json=outputs\data_quality\prev3y_crypto\20260513_run005_data_quality_aggregate.json

Reproducibility:
- stats_hashes=2712092ae4c55b9c06a7ca7ea9438b91a0353f6bd21553345d17af796a69f114,2712092ae4c55b9c06a7ca7ea9438b91a0353f6bd21553345d17af796a69f114
- repeat_stats_hash_identical=true

Validation Warnings:
- prices start at 2020-10-21, after warmup_start_date 2018-01-01; early baseline rows may be zero exposure until lookback history exists
- universe starts at 2020-10-21, after start_date 2019-01-01; early baseline rows may be zero exposure

Data Anomalies:
- symbol=COMP-USD date_range=2021-04-19..2021-08-15 issue=nonpositive_open_rows=5
- symbol=ICP-USD date_range=2021-05-10..2021-05-10 issue=nonpositive_open_rows=1
- symbol=COMP-USD date_range=2021-04-19..2021-08-15 issue=nonpositive_low_rows=11
- symbol=ICP-USD date_range=2021-05-10..2021-05-10 issue=nonpositive_low_rows=1
- symbol=COMP-USD date_range=2021-04-17..2022-01-15 issue=nonpositive_close_rows=205
- symbol=COMP-USD date_range=2021-04-17..2022-01-15 issue=missing_ohlcv_rows=205
