TASK-002 cost stress v2
baseline_run_id=20260513_run008
readiness_status=READY_TO_IMPLEMENT
verdict=PASS
git_commit=c044f55ea767dbc307e80aa799318cab91458efc
random_seed=0
config_hash=ed3b090590a64c14b1edf9522657e75a00e3f317c3b84642f134c8beb332b05a
data_snapshot_hash=8be39e986386d74e239ebf02e7c67488345a6a961d8586875c35d0134faa176b
funding_rates_parquet_hash=e754b52c0f4801d61aa96eb7bccacd1ea7afc37acd9af7cae6833095a56a131b
scenarios_count=12
interval_distribution_used={'4h_rows': 14862, '8h_rows': 80986, '1h_rows': 0}
no_cost_baseline_max_diff_vs_run008=0.0

methodology:
{
  "active_period_definition": "gross_exposure > 0",
  "annualization_factor": 365.25,
  "benchmark_policy": "reuse run008 benchmark_return, benchmark_cash_return, benchmark_btc_return, benchmark_eqw_return columns",
  "cost_application_order": "portfolio_return_net = portfolio_return_gross - fee_cost - funding_cost - slippage_cost",
  "funding_direction_formula": "funding_cost = signed_position_weight * funding_rate * scenario_funding_multiplier; long positive funding is a cost, short positive funding is income",
  "funding_timestamp_policy": "funding timestamp is converted to UTC date; same UTC date + symbol held weight is used; no future, previous-day, next-day, or averaged weights are used",
  "ir_formula": "mean(portfolio_return_net - benchmark_return) / std(portfolio_return_net - benchmark_return, ddof=1) * sqrt(annualization_factor)",
  "sortino_formula": "not a required TASK-002 output; run008 convention retained where referenced",
  "std_ddof": 1
}

cost_policy:
{
  "fee_application": "per_turnover_both_sides",
  "fee_exchange": "bybit_perp",
  "funding_application": "pit_per_interval_settlement_accumulated",
  "funding_gap_policy": "mark_funding_gap_true_no_fill",
  "funding_interval_policy": "use_interval_hours_per_row",
  "funding_proxy_policy": "exclude_from_fail_gate",
  "maker_bps": 2.0,
  "outlier_policy": "report_no_clamp",
  "slippage_application": "per_turnover_one_side_bps",
  "taker_bps": 5.5
}

funding_audit_samples:
[
  {
    "available": true,
    "daily_funding_cost_base": 0.0,
    "date": "2024-12-12",
    "interval_hours": 1,
    "not_used_reason": "run008 has no held symbol-day for this funding interval",
    "settlement_count": 2,
    "settlements": [
      {
        "funding_rate": 0.0001,
        "position_weight": 0.0,
        "single_settlement_cost": 0.0,
        "timestamp": "2024-12-12T08:00:00+00:00"
      },
      {
        "funding_rate": 0.0001,
        "position_weight": 0.0,
        "single_settlement_cost": 0.0,
        "timestamp": "2024-12-12T16:00:00+00:00"
      }
    ],
    "symbol": "BYBIT:GIGAUSDT.P",
    "used_in_stress": false
  },
  {
    "available": true,
    "daily_funding_cost_base": -0.0001283275,
    "date": "2024-04-01",
    "interval_hours": 4,
    "settlement_count": 3,
    "settlements": [
      {
        "funding_rate": 0.00062605,
        "position_weight": -0.125,
        "single_settlement_cost": -7.825625e-05,
        "timestamp": "2024-04-01T00:00:00+00:00"
      },
      {
        "funding_rate": 0.00030057,
        "position_weight": -0.125,
        "single_settlement_cost": -3.757125e-05,
        "timestamp": "2024-04-01T08:00:00+00:00"
      },
      {
        "funding_rate": 0.0001,
        "position_weight": -0.125,
        "single_settlement_cost": -1.25e-05,
        "timestamp": "2024-04-01T16:00:00+00:00"
      }
    ],
    "symbol": "BYBIT:XTZUSDT.P",
    "used_in_stress": true
  },
  {
    "available": true,
    "daily_funding_cost_base": -0.00015415874999999998,
    "date": "2024-04-01",
    "interval_hours": 8,
    "settlement_count": 3,
    "settlements": [
      {
        "funding_rate": 0.00065661,
        "position_weight": -0.125,
        "single_settlement_cost": -8.207625e-05,
        "timestamp": "2024-04-01T00:00:00+00:00"
      },
      {
        "funding_rate": 0.00035443,
        "position_weight": -0.125,
        "single_settlement_cost": -4.430375e-05,
        "timestamp": "2024-04-01T08:00:00+00:00"
      },
      {
        "funding_rate": 0.00022223,
        "position_weight": -0.125,
        "single_settlement_cost": -2.777875e-05,
        "timestamp": "2024-04-01T16:00:00+00:00"
      }
    ],
    "symbol": "BYBIT:ADAUSDT.P",
    "used_in_stress": true
  }
]

fail_warning_gates:
{
  "conservative_combo_fail_gate_passed": true,
  "failures": [],
  "realistic_combo_fail_gate_passed": true,
  "warnings": []
}
