TASK-005 VPS Bot Monitor
run_date=20260517
status=REVIEW_READY
scope=monitoring/logging/alerting only
paper_execution_status=FORBIDDEN
live_trading_status=FORBIDDEN
reproducibility_hash=714f5417223892fc2954f483040c85c20397b664c4f11b618b3eaf28348ab41b

fail_gates:
{
  "alerts_schema_invalid": false,
  "api_key_permission_violation": false,
  "heartbeat_schema_invalid": false,
  "missing_outputs": false,
  "monitor_auto_restart_present": false,
  "order_submission_code_present": false,
  "schema_mismatch": false,
  "secret_in_vcs": false,
  "test_failure": false
}

safety_scan:
{
  "api_key_requested": false,
  "exchange_connection_made": false,
  "exchange_token_violations": [],
  "forbidden_token_violations": [],
  "gates": {
    "api_key_permission_violation": false,
    "exchange_api_present": false,
    "local_jsonl_removed": false,
    "monitor_auto_restart_present": false,
    "order_submission_code_present": false,
    "secret_hardcoded": false,
    "secret_in_vcs": false,
    "secret_written_to_logs": false
  },
  "live_trading_started": false,
  "paper_execution_started": false,
  "secret_ignore": {
    "errors": [],
    "required_patterns": [
      "configs/monitor_secrets.local.yaml",
      "configs/monitor_secrets.local.yml",
      "configs/monitor_secrets.yaml",
      "configs/monitor_secrets.yml"
    ],
    "status": "PASS"
  },
  "secret_literal_violations": [],
  "secret_output_violations": [],
  "status": "PASS"
}

heartbeat_schema:
{
  "errors": [],
  "row_count": 1,
  "status": "PASS"
}

alerts_schema:
{
  "errors": [],
  "row_count": 1,
  "status": "PASS"
}
